<?xml version="1.0" encoding="UTF-8"?>
<testng-results ignored="0" total="1" passed="1" failed="0" skipped="0">
  <reporter-output>
  </reporter-output>
  <suite started-at="2024-03-25T17:45:52 IST" name="SeleniumTests" finished-at="2024-03-25T17:46:48 IST" duration-ms="56088">
    <groups>
    </groups>
    <test started-at="2024-03-25T17:45:52 IST" name="OpenLinkInNewTabTest" finished-at="2024-03-25T17:46:48 IST" duration-ms="56088">
      <class name="OpenLinkInNewTabTest">
        <test-method is-config="true" signature="setUp()[pri:0, instance:OpenLinkInNewTabTest@1b1473ab]" started-at="2024-03-25T17:45:52 IST" name="setUp" finished-at="2024-03-25T17:45:55 IST" duration-ms="3666" status="PASS">
          <reporter-output>
          </reporter-output>
        </test-method> <!-- setUp -->
        <test-method signature="openLinkInNewTab()[pri:0, instance:OpenLinkInNewTabTest@1b1473ab]" started-at="2024-03-25T17:45:55 IST" name="openLinkInNewTab" finished-at="2024-03-25T17:46:48 IST" duration-ms="52162" status="PASS">
          <reporter-output>
          </reporter-output>
        </test-method> <!-- openLinkInNewTab -->
        <test-method is-config="true" signature="tearDown()[pri:0, instance:OpenLinkInNewTabTest@1b1473ab]" started-at="2024-03-25T17:46:48 IST" name="tearDown" finished-at="2024-03-25T17:46:48 IST" duration-ms="217" status="PASS">
          <reporter-output>
          </reporter-output>
        </test-method> <!-- tearDown -->
      </class> <!-- OpenLinkInNewTabTest -->
    </test> <!-- OpenLinkInNewTabTest -->
  </suite> <!-- SeleniumTests -->
</testng-results>
